0 info it worked if it ends with ok
1 verbose cli [ 'C:\\Program Files\\nodejs\\node.exe',
1 verbose cli   'C:\\Program Files\\nodejs\\node_modules\\npm\\bin\\npm-cli.js',
1 verbose cli   'run',
1 verbose cli   'test' ]
2 info using npm@3.10.10
3 info using node@v6.11.3
4 verbose run-script [ 'pretest', 'test', 'posttest' ]
5 info lifecycle oop-classes@1.0.0~pretest: oop-classes@1.0.0
6 silly lifecycle oop-classes@1.0.0~pretest: no script for pretest, continuing
7 info lifecycle oop-classes@1.0.0~test: oop-classes@1.0.0
8 verbose lifecycle oop-classes@1.0.0~test: unsafe-perm in lifecycle true
9 verbose lifecycle oop-classes@1.0.0~test: PATH: C:\Program Files\nodejs\node_modules\npm\bin\node-gyp-bin;C:\Users\PELUMI LONGE\desktop\andela\OOP-classes\node_modules\.bin;C:\Program Files (x86)\Common Files\TEC-IT\TBarCode\10.2\;C:\Program Files\Common Files\TEC-IT\TBarCode\10.2\;C:\ProgramData\Oracle\Java\javapath;C:\Program Files (x86)\Lenovo\FusionEngine;C:\Program Files (x86)\Intel\iCLS Client\;C:\Program Files\Intel\iCLS Client\;C:\windows\system32;C:\windows;C:\windows\System32\Wbem;C:\windows\System32\WindowsPowerShell\v1.0\;C:\Program Files\Intel\Intel(R) Management Engine Components\DAL;C:\Program Files (x86)\Intel\Intel(R) Management Engine Components\DAL;C:\Program Files\Intel\Intel(R) Management Engine Components\IPT;C:\Program Files (x86)\Intel\Intel(R) Management Engine Components\IPT;C:\Program Files\Intel\WiFi\bin\;C:\Program Files\Common Files\Intel\WirelessCommon\;C:\Program Files (x86)\Common Files\lenovo\easyplussdk\bin;C:\Program Files (x86)\Skype\Phone\;C:\Program Files\nodejs\;c:\Program Files/Java/jdk1.8.0_101/bin;C:\Program Files\Git\cmd;C:\Program Files (x86)\Common Files\TEC-IT\TBarCode\10.2\;C:\Program Files\Common Files\TEC-IT\TBarCode\10.2\;C:\ProgramData\Oracle\Java\javapath;C:\Program Files (x86)\Lenovo\FusionEngine;C:\Program Files (x86)\Intel\iCLS Client\;C:\Program Files\Intel\iCLS Client\;C:\windows\system32;C:\windows;C:\windows\System32\Wbem;C:\windows\System32\WindowsPowerShell\v1.0\;C:\Program Files\Intel\Intel(R) Management Engine Components\DAL;C:\Program Files (x86)\Intel\Intel(R) Management Engine Components\DAL;C:\Program Files\Intel\Intel(R) Management Engine Components\IPT;C:\Program Files (x86)\Intel\Intel(R) Management Engine Components\IPT;C:\Program Files\Intel\WiFi\bin\;C:\Program Files\Common Files\Intel\WirelessCommon\;C:\Program Files (x86)\Common Files\lenovo\easyplussdk\bin;C:\Python27;C:\Users\PELUMI LONGE\AppData\Roaming\npm;C:\Program Files\Microsoft VS Code\bin;C:\Users\PELUMI LONGE\AppData\Local\atom\bin;C:\Program Files\Heroku\bin
10 verbose lifecycle oop-classes@1.0.0~test: CWD: C:\Users\PELUMI LONGE\desktop\andela\OOP-classes
11 silly lifecycle oop-classes@1.0.0~test: Args: [ '/d /s /c',
11 silly lifecycle   'nyc --reporter=html --reporter=text mocha test/ --exit --compilers js:babel-register' ]
12 silly lifecycle oop-classes@1.0.0~test: Returned: code: 2  signal: null
13 info lifecycle oop-classes@1.0.0~test: Failed to exec test script
14 verbose stack Error: oop-classes@1.0.0 test: `nyc --reporter=html --reporter=text mocha test/ --exit --compilers js:babel-register`
14 verbose stack Exit status 2
14 verbose stack     at EventEmitter.<anonymous> (C:\Program Files\nodejs\node_modules\npm\lib\utils\lifecycle.js:255:16)
14 verbose stack     at emitTwo (events.js:106:13)
14 verbose stack     at EventEmitter.emit (events.js:191:7)
14 verbose stack     at ChildProcess.<anonymous> (C:\Program Files\nodejs\node_modules\npm\lib\utils\spawn.js:40:14)
14 verbose stack     at emitTwo (events.js:106:13)
14 verbose stack     at ChildProcess.emit (events.js:191:7)
14 verbose stack     at maybeClose (internal/child_process.js:920:16)
14 verbose stack     at Process.ChildProcess._handle.onexit (internal/child_process.js:230:5)
15 verbose pkgid oop-classes@1.0.0
16 verbose cwd C:\Users\PELUMI LONGE\desktop\andela\OOP-classes
17 error Windows_NT 6.3.9600
18 error argv "C:\\Program Files\\nodejs\\node.exe" "C:\\Program Files\\nodejs\\node_modules\\npm\\bin\\npm-cli.js" "run" "test"
19 error node v6.11.3
20 error npm  v3.10.10
21 error code ELIFECYCLE
22 error oop-classes@1.0.0 test: `nyc --reporter=html --reporter=text mocha test/ --exit --compilers js:babel-register`
22 error Exit status 2
23 error Failed at the oop-classes@1.0.0 test script 'nyc --reporter=html --reporter=text mocha test/ --exit --compilers js:babel-register'.
23 error Make sure you have the latest version of node.js and npm installed.
23 error If you do, this is most likely a problem with the oop-classes package,
23 error not with npm itself.
23 error Tell the author that this fails on your system:
23 error     nyc --reporter=html --reporter=text mocha test/ --exit --compilers js:babel-register
23 error You can get information on how to open an issue for this project with:
23 error     npm bugs oop-classes
23 error Or if that isn't available, you can get their info via:
23 error     npm owner ls oop-classes
23 error There is likely additional logging output above.
24 verbose exit [ 1, true ]
